2025-01-02 23:19:36,341 INFO:	Debugging script for s2idle on AMD systems
2025-01-02 23:19:36,342 INFO:	💻 LENOVO 21MCCTO1WW (ThinkPad T14 Gen 5) running BIOS 1.11 (R2LET30W (1.11 )) released 11/11/2024 and EC 1.6
2025-01-02 23:19:36,342 INFO:	🐧 Ubuntu 24.10
2025-01-02 23:19:36,342 INFO:	🐧 Kernel 6.11.0-13-generic
2025-01-02 23:19:36,353 DEBUG:	BAT0 energy level is 37100000 µWh
2025-01-02 23:19:36,353 INFO:	🔋 Battery BAT0 (BYD 5B11H56417) is operating at 101.75% of design
2025-01-02 23:19:36,379 DEBUG:	Thermal zones
2025-01-02 23:19:36,380 DEBUG:	└─ LNXTHERM:00
2025-01-02 23:19:36,380 DEBUG:	  	 temp: 39.0°C
2025-01-02 23:19:36,380 DEBUG:	  	 critical trip: 113.0°C
2025-01-02 23:19:36,381 DEBUG:	  	 hot trip: 112.9°C
2025-01-02 23:19:36,381 INFO:	Checking prerequisites for s2idle
2025-01-02 23:19:36,381 INFO:	✅ Logs are provided via systemd
2025-01-02 23:19:36,381 INFO:	✅ AMD Ryzen 7 PRO 8840U w/ Radeon 780M Graphics (family 19 model 75)
2025-01-02 23:19:36,381 INFO:	✅ ASPM policy set to 'default'
2025-01-02 23:19:36,381 DEBUG:	SMT control: on
2025-01-02 23:19:36,381 INFO:	✅ SMT enabled
2025-01-02 23:19:36,382 INFO:	✅ LPS0 _DSM enabled
2025-01-02 23:19:36,393 INFO:	✅ ACPI FADT supports Low-power S0 idle
2025-01-02 23:19:36,394 DEBUG:	/sys/module/gpiolib_acpi/parameters/ignore_wake is not configured
2025-01-02 23:19:36,394 DEBUG:	/sys/module/gpiolib_acpi/parameters/ignore_interrupt is not configured
2025-01-02 23:19:36,394 DEBUG:	/proc/cmdline: 
2025-01-02 23:19:36,396 DEBUG:	LOGIND: configuration changes:
2025-01-02 23:19:36,396 DEBUG:		lidswitchignoreinhibited: yes
2025-01-02 23:19:36,396 DEBUG:		handlelidswitch: lock
2025-01-02 23:19:36,396 DEBUG:		handlelidswitchexternalpower: lock
2025-01-02 23:19:36,396 DEBUG:		handlelidswitchdocked: ignore
2025-01-02 23:19:36,397 INFO:	✅ HSMP driver `amd_hsmp` not detected (blocked: False)
2025-01-02 23:19:36,403 INFO:	✅ PMC driver `amd_pmc` loaded (Program 0 Firmware 76.87.0)
2025-01-02 23:19:36,409 INFO:	✅ USB4 driver `thunderbolt` bound to 0000:c6:00.5
2025-01-02 23:19:36,409 INFO:	✅ USB4 driver `thunderbolt` bound to 0000:c6:00.6
2025-01-02 23:19:36,417 INFO:	✅ GPU driver `amdgpu` bound to 0000:c4:00.0
2025-01-02 23:19:36,463 INFO:	✅ System is configured for s2idle
2025-01-02 23:19:36,488 INFO:	✅ NVME KIOXIA Corporation NVMe SSD Controller BG6 (DRAM-less) is configured for s2idle in BIOS
2025-01-02 23:19:36,494 INFO:	✅ GPIO driver `pinctrl_amd` available
2025-01-02 23:19:36,496 DEBUG:	Winblue GPIO 0 debounce: enabled
2025-01-02 23:19:36,496 DEBUG:	gpio	  int|active|trigger|S0i3| S3|S4/S5| Z|wake|pull|  orient|       debounce|reg
2025-01-02 23:19:36,496 DEBUG:	#0	   😛|     ↑|   edge|  ⏰| ⏰|     |⏰|    |    |input  ↑|↑ (🕑 003660us)|0x805785f
2025-01-02 23:19:36,496 DEBUG:	#2	   😷|     ↓|   edge|    |   |     |  |    |    |input  ↑|               |0x50a00
2025-01-02 23:19:36,496 DEBUG:	#8	   😛|     ↓|  level|    |   |     |  |    |  ↑ |input  ↑|               |0x151b00
2025-01-02 23:19:36,496 DEBUG:	#9	   😛|     ↓|   edge|  ⏰| ⏰|     |  |    |    |input  ↑|               |0x57a00
2025-01-02 23:19:36,496 DEBUG:	#18	   😛|     ↓|   edge|  ⏰| ⏰|     |  |    |  ↑ |input  ↑|               |0x157a00
2025-01-02 23:19:36,496 DEBUG:	#32	   😷|     ↓|  level|    |   |     |⏰|    |    |input  ↑|               |0x8050b00
2025-01-02 23:19:36,496 DEBUG:	#44	   😛|     ↑|   edge|  ⏰| ⏰|     |  |    |    |input  ↓|               |0x7800
2025-01-02 23:19:36,496 DEBUG:	#52	   😷|     ↑|  level|    |   |     |  |    |    |input  ↓|               |0x900
2025-01-02 23:19:36,497 DEBUG:	#58	   😛|     ↑|  level|  ⏰| ⏰|     |  |    |    |input  ↓|               |0x7900
2025-01-02 23:19:36,497 DEBUG:	#59	   😛|     ↑|  level|  ⏰| ⏰|     |  |    |    |input  ↓|               |0x7900
2025-01-02 23:19:36,497 DEBUG:	#61	   😛|     ↑|  level|  ⏰| ⏰|     |  |    |    |input  ↓|               |0x7900
2025-01-02 23:19:36,497 DEBUG:	#62	   😛|     ↑|  level|  ⏰| ⏰|     |  |    |    |input  ↓|               |0x7900
2025-01-02 23:19:36,497 DEBUG:	#172	   😷|     ↑|  level|    |   |     |  |    |    |input  ↓|               |0x900
2025-01-02 23:19:36,543 DEBUG:	Lenovo Embedded Controller firmware version: '0.1.6'
2025-01-02 23:19:36,543 DEBUG:	| ['b6f08d83-753e-4919-9ae7-4bc5edc3fbe5']
2025-01-02 23:19:36,543 DEBUG:	└─[]
2025-01-02 23:19:36,543 DEBUG:	KIOXIA Corporation KBG6AZNV256G LA KIOXIA firmware version: '1112AXLA'
2025-01-02 23:19:36,543 DEBUG:	| ['9ba52709-4ede-51f1-9955-74a00752433c', 'e6373704-db20-5d69-b720-6d4a8badf7d0', 'acf516d0-88c6-5de3-abf6-164df7c47b5b']
2025-01-02 23:19:36,543 DEBUG:	└─['NVME\\VEN_1E0F&DEV_001A', 'NVME\\VEN_1E0F&DEV_001A&SUBSYS_1E0F001A', 'KBG6AZNV256G LA KIOXIA']
2025-01-02 23:19:36,543 DEBUG:	Lenovo System Firmware firmware version: '0.1.11'
2025-01-02 23:19:36,543 DEBUG:	| ['6b5ce143-7c0e-4ca3-aa72-a620dba1c41d']
2025-01-02 23:19:36,543 DEBUG:	└─[]
2025-01-02 23:19:36,543 DEBUG:	Nuvoton Technology TPM firmware version: '7.2.4.0'
2025-01-02 23:19:36,543 DEBUG:	| ['fac1c8f3-73c8-5cd6-8330-07a3690b5140', '344670e9-5d81-508e-8302-7c7fd4167d5f', 'e9ccc1dc-960a-5e09-afe9-e59a904b776d', 'ca48b03a-64e4-5328-a5b8-d5cf8bf4decd']
2025-01-02 23:19:36,543 DEBUG:	└─['TPM\\VEN_NTC&DEV_0000', 'TPM\\VEN_NTC&MOD_NPCT75x"!#4rls', 'TPM\\VEN_NTC&DEV_0000&VER_2.0', 'TPM\\VEN_NTC&MOD_NPCT75x"!#4rls&VER_2.0']
2025-01-02 23:19:36,543 DEBUG:	None UEFI Device Firmware firmware version: '4104'
2025-01-02 23:19:36,543 DEBUG:	| ['c466fd6b-8261-4b8e-a60a-35a412e3d2b3']
2025-01-02 23:19:36,543 DEBUG:	└─[]
2025-01-02 23:19:36,543 DEBUG:	None UEFI Device Firmware firmware version: '262144'
2025-01-02 23:19:36,543 DEBUG:	| ['a09d98b8-e3e0-46a2-a48a-c1e6a64bd9ce']
2025-01-02 23:19:36,543 DEBUG:	└─[]
2025-01-02 23:19:36,543 DEBUG:	None UEFI Device Firmware firmware version: '117572608'
2025-01-02 23:19:36,543 DEBUG:	| ['0eb9bda9-3010-493a-a6a8-b5e80eddf870']
2025-01-02 23:19:36,543 DEBUG:	└─[]
2025-01-02 23:19:36,543 DEBUG:	None UEFI Device Firmware firmware version: '5'
2025-01-02 23:19:36,543 DEBUG:	| ['e8d5954a-50c6-4d38-84dc-7aad844ac3f4']
2025-01-02 23:19:36,543 DEBUG:	└─[]
2025-01-02 23:19:36,543 DEBUG:	None UEFI Device Firmware firmware version: '1'
2025-01-02 23:19:36,543 DEBUG:	| ['937109b4-0c4c-4ff4-8db9-6098d297a2a0']
2025-01-02 23:19:36,543 DEBUG:	└─[]
2025-01-02 23:19:36,543 DEBUG:	None UEFI Device Firmware firmware version: '16777224'
2025-01-02 23:19:36,544 DEBUG:	| ['50282f8c-f4c7-4a18-8f7c-e459f124cb7f']
2025-01-02 23:19:36,544 DEBUG:	└─[]
2025-01-02 23:19:36,550 DEBUG:	enp1s0f0 supports WoL
2025-01-02 23:19:36,550 WARNING:	Platform may have low hardware sleep residency with Wake-on-lan disabled. Run `ethtool -s enp1s0f0 wol g` to enable it if necessary.
2025-01-02 23:19:36,576 DEBUG:	WCN6855 version string: ath11k_pci 0000:02:00.0: fw_version 0x11088c35 fw_build_timestamp 2024-04-17 08:34 fw_build_id WLAN.HSP.1.1-03125-QCAHSPSWPL_V1_V2_SILICONZ_LITE-3.6510.41
2025-01-02 23:19:36,577 INFO:	✅ WCN6855 WLAN (fw build id WLAN.HSP.1.1-03125-QCAHSPSWPL_V1_V2_SILICONZ_LITE-3.6510.41)
2025-01-02 23:19:36,577 DEBUG:	Lockdown: none [integrity] confidentiality
2025-01-02 23:19:37,027 DEBUG:	linux-firmware=20240913.gita34e7a5f-0ubuntu2.2
2025-01-02 23:19:37,028 DEBUG:	VCE feature version: 0, firmware version: 0x00000000
2025-01-02 23:19:37,028 DEBUG:	UVD feature version: 0, firmware version: 0x00000000
2025-01-02 23:19:37,028 DEBUG:	MC feature version: 0, firmware version: 0x00000000
2025-01-02 23:19:37,028 DEBUG:	ME feature version: 35, firmware version: 0x00000027
2025-01-02 23:19:37,028 DEBUG:	PFP feature version: 35, firmware version: 0x00000030
2025-01-02 23:19:37,028 DEBUG:	CE feature version: 0, firmware version: 0x00000000
2025-01-02 23:19:37,028 DEBUG:	RLC feature version: 1, firmware version: 0x00000080
2025-01-02 23:19:37,028 DEBUG:	RLC SRLC feature version: 0, firmware version: 0x00000000
2025-01-02 23:19:37,028 DEBUG:	RLC SRLG feature version: 0, firmware version: 0x00000000
2025-01-02 23:19:37,028 DEBUG:	RLC SRLS feature version: 0, firmware version: 0x00000000
2025-01-02 23:19:37,028 DEBUG:	RLCP feature version: 1, firmware version: 0x0000000f
2025-01-02 23:19:37,028 DEBUG:	RLCV feature version: 0, firmware version: 0x00000000
2025-01-02 23:19:37,028 DEBUG:	MEC feature version: 35, firmware version: 0x00000027
2025-01-02 23:19:37,028 DEBUG:	IMU feature version: 0, firmware version: 0x0b012d00
2025-01-02 23:19:37,028 DEBUG:	SOS feature version: 0, firmware version: 0x00000000
2025-01-02 23:19:37,028 DEBUG:	ASD feature version: 553648351, firmware version: 0x210000df
2025-01-02 23:19:37,028 DEBUG:	TA XGMI feature version: 0x00000000, firmware version: 0x00000000
2025-01-02 23:19:37,028 DEBUG:	TA RAS feature version: 0x00000000, firmware version: 0x00000000
2025-01-02 23:19:37,028 DEBUG:	TA HDCP feature version: 0x00000000, firmware version: 0x17000040
2025-01-02 23:19:37,028 DEBUG:	TA DTM feature version: 0x00000000, firmware version: 0x12000016
2025-01-02 23:19:37,028 DEBUG:	TA RAP feature version: 0x00000000, firmware version: 0x00000000
2025-01-02 23:19:37,028 DEBUG:	TA SECUREDISPLAY feature version: 0x00000000, firmware version: 0x00000000
2025-01-02 23:19:37,028 DEBUG:	SMC feature version: 0, program: 0, firmware version: 0x004c5700 (76.87.0)
2025-01-02 23:19:37,028 DEBUG:	SDMA0 feature version: 60, firmware version: 0x00000015
2025-01-02 23:19:37,028 DEBUG:	VCN feature version: 0, firmware version: 0x08116003
2025-01-02 23:19:37,028 DEBUG:	DMCU feature version: 0, firmware version: 0x00000000
2025-01-02 23:19:37,028 DEBUG:	DMCUB feature version: 0, firmware version: 0x08004300
2025-01-02 23:19:37,028 DEBUG:	TOC feature version: 0, firmware version: 0x0000000b
2025-01-02 23:19:37,028 DEBUG:	MES_KIQ feature version: 6, firmware version: 0x00000073
2025-01-02 23:19:37,028 DEBUG:	MES feature version: 1, firmware version: 0x00000062
2025-01-02 23:19:37,028 DEBUG:	VPE feature version: 0, firmware version: 0x00000000
2025-01-02 23:19:37,028 DEBUG:	VBIOS version: 113-PHXGENERIC-001
2025-01-02 23:19:37,044 DEBUG:	PCI devices
2025-01-02 23:19:37,044 DEBUG:	│ 0000:00:00.0 : Advanced Micro Devices, Inc. [AMD] Host bridge [1022:14e8]
2025-01-02 23:19:37,044 DEBUG:	│ 0000:00:00.2 : Advanced Micro Devices, Inc. [AMD] IOMMU [1022:14e9]
2025-01-02 23:19:37,045 DEBUG:	│ 0000:00:01.0 : Advanced Micro Devices, Inc. [AMD] Host bridge [1022:14ea]
2025-01-02 23:19:37,045 DEBUG:	│ 0000:00:02.0 : Advanced Micro Devices, Inc. [AMD] Host bridge [1022:14ea]
2025-01-02 23:19:37,045 DEBUG:	│ 0000:00:02.1 : Advanced Micro Devices, Inc. [AMD] PCI bridge [1022:14ee] : \_SB_.PCI0.GPP5
2025-01-02 23:19:37,045 DEBUG:	├─ 0000:01:00.0 : Realtek Semiconductor Co., Ltd. Ethernet controller [10ec:8168] : \_SB_.PCI0.GPP5.RTL8
2025-01-02 23:19:37,045 DEBUG:	│ 0000:00:02.2 : Advanced Micro Devices, Inc. [AMD] PCI bridge [1022:14ee] : \_SB_.PCI0.GPP6
2025-01-02 23:19:37,046 DEBUG:	├─ 0000:02:00.0 : Qualcomm Technologies, Inc Network controller [17cb:1103] : \_SB_.PCI0.GPP6.WLAN
2025-01-02 23:19:37,046 DEBUG:	│ 0000:00:02.4 : Advanced Micro Devices, Inc. [AMD] PCI bridge [1022:14ee] : \_SB_.PCI0.GPP8
2025-01-02 23:19:37,046 DEBUG:	├─ 0000:03:00.0 : KIOXIA Corporation Non-Volatile memory controller [1e0f:001a] : \_SB_.PCI0.GPP8.NVME
2025-01-02 23:19:37,046 DEBUG:	│ 0000:00:03.0 : Advanced Micro Devices, Inc. [AMD] Host bridge [1022:14ea]
2025-01-02 23:19:37,046 DEBUG:	│ 0000:00:03.1 : Advanced Micro Devices, Inc. [AMD] PCI bridge [1022:14ef] : \_SB_.PCI0.GP11
2025-01-02 23:19:37,046 DEBUG:	│ 0000:00:04.0 : Advanced Micro Devices, Inc. [AMD] Host bridge [1022:14ea]
2025-01-02 23:19:37,047 DEBUG:	│ 0000:00:04.1 : Advanced Micro Devices, Inc. [AMD] PCI bridge [1022:14ef] : \_SB_.PCI0.GP12
2025-01-02 23:19:37,047 DEBUG:	│ 0000:00:08.0 : Advanced Micro Devices, Inc. [AMD] Host bridge [1022:14ea]
2025-01-02 23:19:37,047 DEBUG:	│ 0000:00:08.1 : Advanced Micro Devices, Inc. [AMD] PCI bridge [1022:14eb] : \_SB_.PCI0.GP17
2025-01-02 23:19:37,047 DEBUG:	├─ 0000:c4:00.0 : Advanced Micro Devices, Inc. [AMD/ATI] VGA compatible controller [1002:1900] : \_SB_.PCI0.GP17.VGA_
2025-01-02 23:19:37,047 DEBUG:	├─ 0000:c4:00.1 : Advanced Micro Devices, Inc. [AMD/ATI] Audio device [1002:1640] : \_SB_.PCI0.GP17.HDAU
2025-01-02 23:19:37,048 DEBUG:	├─ 0000:c4:00.2 : Advanced Micro Devices, Inc. [AMD] Encryption controller [1022:15c7] : \_SB_.PCI0.GP17.PSP_
2025-01-02 23:19:37,048 DEBUG:	├─ 0000:c4:00.3 : Advanced Micro Devices, Inc. [AMD] USB controller [1022:15b9] : \_SB_.PCI0.GP17.XHC0
2025-01-02 23:19:37,048 DEBUG:	├─ 0000:c4:00.4 : Advanced Micro Devices, Inc. [AMD] USB controller [1022:15ba] : \_SB_.PCI0.GP17.XHC1
2025-01-02 23:19:37,048 DEBUG:	├─ 0000:c4:00.5 : Advanced Micro Devices, Inc. [AMD] Multimedia controller [1022:15e2] : \_SB_.PCI0.GP17.ACP_
2025-01-02 23:19:37,048 DEBUG:	├─ 0000:c4:00.6 : Advanced Micro Devices, Inc. [AMD] Audio device [1022:15e3] : \_SB_.PCI0.GP17.AZAL
2025-01-02 23:19:37,049 DEBUG:	│ 0000:00:08.2 : Advanced Micro Devices, Inc. [AMD] PCI bridge [1022:14eb] : \_SB_.PCI0.GP18
2025-01-02 23:19:37,049 DEBUG:	├─ 0000:c5:00.0 : Advanced Micro Devices, Inc. [AMD]  [1022:14ec]
2025-01-02 23:19:37,049 DEBUG:	├─ 0000:c5:00.1 : Advanced Micro Devices, Inc. [AMD] Signal processing controller [1022:1502] : \_SB_.PCI0.GP18.NPU_
2025-01-02 23:19:37,049 DEBUG:	│ 0000:00:08.3 : Advanced Micro Devices, Inc. [AMD] PCI bridge [1022:14eb] : \_SB_.PCI0.GP19
2025-01-02 23:19:37,049 DEBUG:	├─ 0000:c6:00.0 : Advanced Micro Devices, Inc. [AMD]  [1022:14ec] : \_SB_.PCI0.GP19.XHC2
2025-01-02 23:19:37,049 DEBUG:	├─ 0000:c6:00.3 : Advanced Micro Devices, Inc. [AMD] USB controller [1022:15c0] : \_SB_.PCI0.GP19.XHC3
2025-01-02 23:19:37,050 DEBUG:	├─ 0000:c6:00.4 : Advanced Micro Devices, Inc. [AMD] USB controller [1022:15c1] : \_SB_.PCI0.GP19.XHC4
2025-01-02 23:19:37,050 DEBUG:	├─ 0000:c6:00.5 : Advanced Micro Devices, Inc. [AMD] USB controller [1022:1668] : \_SB_.PCI0.GP19.NHI0
2025-01-02 23:19:37,050 DEBUG:	├─ 0000:c6:00.6 : Advanced Micro Devices, Inc. [AMD] USB controller [1022:1669] : \_SB_.PCI0.GP19.NHI1
2025-01-02 23:19:37,050 DEBUG:	│ 0000:00:14.0 : Advanced Micro Devices, Inc. [AMD] SMBus [1022:790b] : \_SB_.PCI0.SMBS
2025-01-02 23:19:37,050 DEBUG:	│ 0000:00:14.3 : Advanced Micro Devices, Inc. [AMD] ISA bridge [1022:790e] : \_SB_.PCI0.LPC0
2025-01-02 23:19:37,051 DEBUG:	│ 0000:00:18.0 : Advanced Micro Devices, Inc. [AMD] Host bridge [1022:14f0]
2025-01-02 23:19:37,051 DEBUG:	│ 0000:00:18.1 : Advanced Micro Devices, Inc. [AMD] Host bridge [1022:14f1]
2025-01-02 23:19:37,051 DEBUG:	│ 0000:00:18.2 : Advanced Micro Devices, Inc. [AMD] Host bridge [1022:14f2]
2025-01-02 23:19:37,051 DEBUG:	│ 0000:00:18.3 : Advanced Micro Devices, Inc. [AMD] Host bridge [1022:14f3]
2025-01-02 23:19:37,051 DEBUG:	│ 0000:00:18.4 : Advanced Micro Devices, Inc. [AMD] Host bridge [1022:14f4]
2025-01-02 23:19:37,051 DEBUG:	│ 0000:00:18.5 : Advanced Micro Devices, Inc. [AMD] Host bridge [1022:14f5]
2025-01-02 23:19:37,051 DEBUG:	│ 0000:00:18.6 : Advanced Micro Devices, Inc. [AMD] Host bridge [1022:14f6]
2025-01-02 23:19:37,052 DEBUG:	└─0000:00:18.7 : Advanced Micro Devices, Inc. [AMD] Host bridge [1022:14f7]
2025-01-02 23:19:37,782 DEBUG:	Interrupts
2025-01-02 23:19:37,782 DEBUG:	│ 0: Timer
2025-01-02 23:19:37,782 DEBUG:	│ 1: PS/2 controller
2025-01-02 23:19:37,783 DEBUG:	│ 2: Disabled interrupt
2025-01-02 23:19:37,783 DEBUG:	│ 3: Disabled interrupt
2025-01-02 23:19:37,783 DEBUG:	│ 4: Disabled interrupt
2025-01-02 23:19:37,783 DEBUG:	│ 5: Disabled interrupt
2025-01-02 23:19:37,783 DEBUG:	│ 6: Disabled interrupt
2025-01-02 23:19:37,783 DEBUG:	│ 7: GPIO Controller
2025-01-02 23:19:37,783 DEBUG:	│ 8: RTC
2025-01-02 23:19:37,783 DEBUG:	│ 9: ACPI SCI
2025-01-02 23:19:37,783 DEBUG:	│ 10: Disabled interrupt
2025-01-02 23:19:37,783 DEBUG:	│ 11: Disabled interrupt
2025-01-02 23:19:37,783 DEBUG:	│ 12: PS/2 controller
2025-01-02 23:19:37,783 DEBUG:	│ 13: Disabled interrupt
2025-01-02 23:19:37,783 DEBUG:	│ 14: Disabled interrupt
2025-01-02 23:19:37,783 DEBUG:	│ 15: Disabled interrupt
2025-01-02 23:19:37,783 DEBUG:	│ 24: Disabled interrupt
2025-01-02 23:19:37,783 DEBUG:	│ 25: Advanced Micro Devices, Inc. [AMD] Generic system peripheral (0000:00:00.2) (AMD-Vi)
2025-01-02 23:19:37,783 DEBUG:	│ 26: GPIO 0 (ACPI:Event)
2025-01-02 23:19:37,783 DEBUG:	│ 27: GPIO 61 (ACPI:Event)
2025-01-02 23:19:37,783 DEBUG:	│ 28: GPIO 62 (ACPI:Event)
2025-01-02 23:19:37,783 DEBUG:	│ 29: GPIO 58 (ACPI:Event)
2025-01-02 23:19:37,783 DEBUG:	│ 30: GPIO 59 (ACPI:Event)
2025-01-02 23:19:37,783 DEBUG:	│ 31: GPIO 9 (ACPI:Event)
2025-01-02 23:19:37,783 DEBUG:	│ 32: GPIO 18 (ACPI:Event)
2025-01-02 23:19:37,783 DEBUG:	│ 33: GPIO 44 (ACPI:Event)
2025-01-02 23:19:37,783 DEBUG:	│ 34: Advanced Micro Devices, Inc. [AMD] Bridge (0000:00:02.1) (PCIe PME)
2025-01-02 23:19:37,783 DEBUG:	│ 35: Advanced Micro Devices, Inc. [AMD] Bridge (0000:00:02.2) (PCIe PME)
2025-01-02 23:19:37,783 DEBUG:	│ 36: Advanced Micro Devices, Inc. [AMD] Bridge (0000:00:02.4) (PCIe PME)
2025-01-02 23:19:37,783 DEBUG:	│ 37: Advanced Micro Devices, Inc. [AMD] Bridge (0000:00:03.1) (PCIe PME,pciehp)
2025-01-02 23:19:37,783 DEBUG:	│ 38: Advanced Micro Devices, Inc. [AMD] Bridge (0000:00:04.1) (PCIe PME,pciehp)
2025-01-02 23:19:37,783 DEBUG:	│ 39: Advanced Micro Devices, Inc. [AMD] Bridge (0000:00:08.1) (PCIe PME)
2025-01-02 23:19:37,783 DEBUG:	│ 40: Advanced Micro Devices, Inc. [AMD] Bridge (0000:00:08.2) (PCIe PME)
2025-01-02 23:19:37,783 DEBUG:	│ 41: Advanced Micro Devices, Inc. [AMD] Bridge (0000:00:08.3) (PCIe PME)
2025-01-02 23:19:37,783 DEBUG:	│ 42: Disabled interrupt
2025-01-02 23:19:37,783 DEBUG:	│ 43: Advanced Micro Devices, Inc. [AMD] Serial bus controller (0000:c6:00.5) (thunderbolt)
2025-01-02 23:19:37,783 DEBUG:	│ 44: Advanced Micro Devices, Inc. [AMD] Serial bus controller (0000:c6:00.5) (thunderbolt)
2025-01-02 23:19:37,783 DEBUG:	│ 45: Advanced Micro Devices, Inc. [AMD] Serial bus controller (0000:c6:00.5)
2025-01-02 23:19:37,783 DEBUG:	│ 46: Advanced Micro Devices, Inc. [AMD] Serial bus controller (0000:c6:00.5)
2025-01-02 23:19:37,783 DEBUG:	│ 47: Advanced Micro Devices, Inc. [AMD] Serial bus controller (0000:c6:00.5)
2025-01-02 23:19:37,783 DEBUG:	│ 48: Advanced Micro Devices, Inc. [AMD] Serial bus controller (0000:c6:00.5)
2025-01-02 23:19:37,783 DEBUG:	│ 49: Advanced Micro Devices, Inc. [AMD] Serial bus controller (0000:c6:00.5)
2025-01-02 23:19:37,783 DEBUG:	│ 50: Advanced Micro Devices, Inc. [AMD] Serial bus controller (0000:c6:00.5)
2025-01-02 23:19:37,783 DEBUG:	│ 51: Advanced Micro Devices, Inc. [AMD] Serial bus controller (0000:c6:00.5)
2025-01-02 23:19:37,783 DEBUG:	│ 52: Advanced Micro Devices, Inc. [AMD] Serial bus controller (0000:c6:00.5)
2025-01-02 23:19:37,783 DEBUG:	│ 53: Advanced Micro Devices, Inc. [AMD] Serial bus controller (0000:c6:00.5)
2025-01-02 23:19:37,783 DEBUG:	│ 54: Advanced Micro Devices, Inc. [AMD] Serial bus controller (0000:c6:00.5)
2025-01-02 23:19:37,783 DEBUG:	│ 55: Advanced Micro Devices, Inc. [AMD] Serial bus controller (0000:c6:00.5)
2025-01-02 23:19:37,783 DEBUG:	│ 56: Advanced Micro Devices, Inc. [AMD] Serial bus controller (0000:c6:00.5)
2025-01-02 23:19:37,783 DEBUG:	│ 57: Advanced Micro Devices, Inc. [AMD] Serial bus controller (0000:c6:00.5)
2025-01-02 23:19:37,783 DEBUG:	│ 58: Advanced Micro Devices, Inc. [AMD] Serial bus controller (0000:c6:00.5)
2025-01-02 23:19:37,783 DEBUG:	│ 59: Disabled interrupt
2025-01-02 23:19:37,783 DEBUG:	│ 60: Advanced Micro Devices, Inc. [AMD] Serial bus controller (0000:c4:00.3) (xhci_hcd)
2025-01-02 23:19:37,783 DEBUG:	│ 61: Realtek Semiconductor Co., Ltd. Network controller (0000:01:00.0) (enp1s0f0)
2025-01-02 23:19:37,783 DEBUG:	│ 62: Disabled interrupt
2025-01-02 23:19:37,783 DEBUG:	│ 63: Advanced Micro Devices, Inc. [AMD] Serial bus controller (0000:c4:00.4) (xhci_hcd)
2025-01-02 23:19:37,783 DEBUG:	│ 64: Disabled interrupt
2025-01-02 23:19:37,783 DEBUG:	│ 65: Advanced Micro Devices, Inc. [AMD] Serial bus controller (0000:c6:00.3) (xhci_hcd)
2025-01-02 23:19:37,783 DEBUG:	│ 66: GPIO 8 (ELAN0676:00)
2025-01-02 23:19:37,783 DEBUG:	│ 67: Disabled interrupt
2025-01-02 23:19:37,783 DEBUG:	│ 68: Advanced Micro Devices, Inc. [AMD] Serial bus controller (0000:c6:00.4) (xhci_hcd)
2025-01-02 23:19:37,783 DEBUG:	│ 69: Disabled interrupt
2025-01-02 23:19:37,783 DEBUG:	│ 70: Advanced Micro Devices, Inc. [AMD] Multimedia controller (0000:c4:00.6) (snd_hda_intel:card1)
2025-01-02 23:19:37,783 DEBUG:	│ 71: KIOXIA Corporation Mass storage controller (0000:03:00.0) (nvme0q0)
2025-01-02 23:19:37,783 DEBUG:	│ 72: KIOXIA Corporation Mass storage controller (0000:03:00.0) (nvme0q1)
2025-01-02 23:19:37,784 DEBUG:	│ 73: KIOXIA Corporation Mass storage controller (0000:03:00.0) (nvme0q2)
2025-01-02 23:19:37,784 DEBUG:	│ 74: KIOXIA Corporation Mass storage controller (0000:03:00.0) (nvme0q3)
2025-01-02 23:19:37,784 DEBUG:	│ 75: KIOXIA Corporation Mass storage controller (0000:03:00.0) (nvme0q4)
2025-01-02 23:19:37,784 DEBUG:	│ 76: KIOXIA Corporation Mass storage controller (0000:03:00.0) (nvme0q5)
2025-01-02 23:19:37,784 DEBUG:	│ 77: KIOXIA Corporation Mass storage controller (0000:03:00.0) (nvme0q6)
2025-01-02 23:19:37,784 DEBUG:	│ 78: KIOXIA Corporation Mass storage controller (0000:03:00.0) (nvme0q7)
2025-01-02 23:19:37,784 DEBUG:	│ 79: KIOXIA Corporation Mass storage controller (0000:03:00.0) (nvme0q8)
2025-01-02 23:19:37,784 DEBUG:	│ 80: KIOXIA Corporation Mass storage controller (0000:03:00.0) (nvme0q9)
2025-01-02 23:19:37,784 DEBUG:	│ 81: KIOXIA Corporation Mass storage controller (0000:03:00.0) (nvme0q10)
2025-01-02 23:19:37,784 DEBUG:	│ 82: KIOXIA Corporation Mass storage controller (0000:03:00.0) (nvme0q11)
2025-01-02 23:19:37,784 DEBUG:	│ 83: KIOXIA Corporation Mass storage controller (0000:03:00.0) (nvme0q12)
2025-01-02 23:19:37,784 DEBUG:	│ 84: KIOXIA Corporation Mass storage controller (0000:03:00.0) (nvme0q13)
2025-01-02 23:19:37,784 DEBUG:	│ 85: KIOXIA Corporation Mass storage controller (0000:03:00.0) (nvme0q14)
2025-01-02 23:19:37,784 DEBUG:	│ 86: KIOXIA Corporation Mass storage controller (0000:03:00.0) (nvme0q15)
2025-01-02 23:19:37,784 DEBUG:	│ 87: Disabled interrupt
2025-01-02 23:19:37,784 DEBUG:	│ 88: Advanced Micro Devices, Inc. [AMD] Serial bus controller (0000:c6:00.6) (thunderbolt)
2025-01-02 23:19:37,784 DEBUG:	│ 89: Advanced Micro Devices, Inc. [AMD] Serial bus controller (0000:c6:00.6) (thunderbolt)
2025-01-02 23:19:37,784 DEBUG:	│ 90: Advanced Micro Devices, Inc. [AMD] Serial bus controller (0000:c6:00.6)
2025-01-02 23:19:37,784 DEBUG:	│ 91: Advanced Micro Devices, Inc. [AMD] Serial bus controller (0000:c6:00.6)
2025-01-02 23:19:37,784 DEBUG:	│ 92: Advanced Micro Devices, Inc. [AMD] Serial bus controller (0000:c6:00.6)
2025-01-02 23:19:37,784 DEBUG:	│ 93: Advanced Micro Devices, Inc. [AMD] Serial bus controller (0000:c6:00.6)
2025-01-02 23:19:37,784 DEBUG:	│ 94: Advanced Micro Devices, Inc. [AMD] Serial bus controller (0000:c6:00.6)
2025-01-02 23:19:37,784 DEBUG:	│ 95: Advanced Micro Devices, Inc. [AMD] Serial bus controller (0000:c6:00.6)
2025-01-02 23:19:37,784 DEBUG:	│ 96: Advanced Micro Devices, Inc. [AMD] Serial bus controller (0000:c6:00.6)
2025-01-02 23:19:37,784 DEBUG:	│ 97: Advanced Micro Devices, Inc. [AMD] Serial bus controller (0000:c6:00.6)
2025-01-02 23:19:37,784 DEBUG:	│ 98: Advanced Micro Devices, Inc. [AMD] Serial bus controller (0000:c6:00.6)
2025-01-02 23:19:37,784 DEBUG:	│ 99: Advanced Micro Devices, Inc. [AMD] Serial bus controller (0000:c6:00.6)
2025-01-02 23:19:37,784 DEBUG:	│ 100: Advanced Micro Devices, Inc. [AMD] Serial bus controller (0000:c6:00.6)
2025-01-02 23:19:37,784 DEBUG:	│ 101: Advanced Micro Devices, Inc. [AMD] Serial bus controller (0000:c6:00.6)
2025-01-02 23:19:37,784 DEBUG:	│ 102: Advanced Micro Devices, Inc. [AMD] Serial bus controller (0000:c6:00.6)
2025-01-02 23:19:37,784 DEBUG:	│ 103: Advanced Micro Devices, Inc. [AMD] Serial bus controller (0000:c6:00.6)
2025-01-02 23:19:37,784 DEBUG:	│ 104: Disabled interrupt
2025-01-02 23:19:37,784 DEBUG:	│ 105: Advanced Micro Devices, Inc. [AMD] Encryption controller (0000:c4:00.2) (psp-1)
2025-01-02 23:19:37,784 DEBUG:	│ 106: Advanced Micro Devices, Inc. [AMD] Encryption controller (0000:c4:00.2)
2025-01-02 23:19:37,784 DEBUG:	│ 107: Disabled interrupt
2025-01-02 23:19:37,784 DEBUG:	│ 108: KIOXIA Corporation Mass storage controller (0000:03:00.0) (nvme0q16)
2025-01-02 23:19:37,784 DEBUG:	│ 109: Advanced Micro Devices, Inc. [AMD/ATI] Multimedia controller (0000:c4:00.1) (snd_hda_intel:card0)
2025-01-02 23:19:37,784 DEBUG:	│ 110: Qualcomm Technologies, Inc Network controller (0000:02:00.0) (bhi)
2025-01-02 23:19:37,784 DEBUG:	│ 111: Qualcomm Technologies, Inc Network controller (0000:02:00.0) (mhi)
2025-01-02 23:19:37,784 DEBUG:	│ 112: Qualcomm Technologies, Inc Network controller (0000:02:00.0) (mhi)
2025-01-02 23:19:37,784 DEBUG:	│ 113: Qualcomm Technologies, Inc Network controller (0000:02:00.0) (ce0)
2025-01-02 23:19:37,784 DEBUG:	│ 114: Qualcomm Technologies, Inc Network controller (0000:02:00.0) (ce1)
2025-01-02 23:19:37,784 DEBUG:	│ 115: Qualcomm Technologies, Inc Network controller (0000:02:00.0) (ce2)
2025-01-02 23:19:37,784 DEBUG:	│ 116: Qualcomm Technologies, Inc Network controller (0000:02:00.0) (ce3)
2025-01-02 23:19:37,784 DEBUG:	│ 117: Qualcomm Technologies, Inc Network controller (0000:02:00.0) (ce5)
2025-01-02 23:19:37,784 DEBUG:	│ 118: Qualcomm Technologies, Inc Network controller (0000:02:00.0) (ce7)
2025-01-02 23:19:37,784 DEBUG:	│ 119: Qualcomm Technologies, Inc Network controller (0000:02:00.0) (ce8)
2025-01-02 23:19:37,784 DEBUG:	│ 120: Qualcomm Technologies, Inc Network controller (0000:02:00.0)
2025-01-02 23:19:37,784 DEBUG:	│ 121: Qualcomm Technologies, Inc Network controller (0000:02:00.0)
2025-01-02 23:19:37,784 DEBUG:	│ 122: Qualcomm Technologies, Inc Network controller (0000:02:00.0)
2025-01-02 23:19:37,784 DEBUG:	│ 123: Qualcomm Technologies, Inc Network controller (0000:02:00.0)
2025-01-02 23:19:37,784 DEBUG:	│ 124: Qualcomm Technologies, Inc Network controller (0000:02:00.0) (DP_EXT_IRQ)
2025-01-02 23:19:37,784 DEBUG:	│ 125: Qualcomm Technologies, Inc Network controller (0000:02:00.0) (DP_EXT_IRQ)
2025-01-02 23:19:37,784 DEBUG:	│ 126: Qualcomm Technologies, Inc Network controller (0000:02:00.0) (DP_EXT_IRQ)
2025-01-02 23:19:37,784 DEBUG:	│ 127: Qualcomm Technologies, Inc Network controller (0000:02:00.0)
2025-01-02 23:19:37,784 DEBUG:	│ 128: Qualcomm Technologies, Inc Network controller (0000:02:00.0) (DP_EXT_IRQ)
2025-01-02 23:19:37,784 DEBUG:	│ 129: Qualcomm Technologies, Inc Network controller (0000:02:00.0) (DP_EXT_IRQ)
2025-01-02 23:19:37,784 DEBUG:	│ 130: Qualcomm Technologies, Inc Network controller (0000:02:00.0) (DP_EXT_IRQ)
2025-01-02 23:19:37,784 DEBUG:	│ 131: Qualcomm Technologies, Inc Network controller (0000:02:00.0) (DP_EXT_IRQ)
2025-01-02 23:19:37,784 DEBUG:	│ 132: Qualcomm Technologies, Inc Network controller (0000:02:00.0) (DP_EXT_IRQ)
2025-01-02 23:19:37,784 DEBUG:	│ 133: Qualcomm Technologies, Inc Network controller (0000:02:00.0) (DP_EXT_IRQ)
2025-01-02 23:19:37,784 DEBUG:	│ 134: Qualcomm Technologies, Inc Network controller (0000:02:00.0) (DP_EXT_IRQ)
2025-01-02 23:19:37,784 DEBUG:	│ 135: Qualcomm Technologies, Inc Network controller (0000:02:00.0)
2025-01-02 23:19:37,784 DEBUG:	│ 136: Qualcomm Technologies, Inc Network controller (0000:02:00.0)
2025-01-02 23:19:37,784 DEBUG:	│ 137: Qualcomm Technologies, Inc Network controller (0000:02:00.0)
2025-01-02 23:19:37,785 DEBUG:	│ 138: Qualcomm Technologies, Inc Network controller (0000:02:00.0)
2025-01-02 23:19:37,785 DEBUG:	│ 139: Qualcomm Technologies, Inc Network controller (0000:02:00.0)
2025-01-02 23:19:37,785 DEBUG:	│ 140: Qualcomm Technologies, Inc Network controller (0000:02:00.0)
2025-01-02 23:19:37,785 DEBUG:	│ 141: Qualcomm Technologies, Inc Network controller (0000:02:00.0)
2025-01-02 23:19:37,785 DEBUG:	└─142: Advanced Micro Devices, Inc. [AMD/ATI] Display controller (0000:c4:00.0) (amdgpu)
2025-01-02 23:19:37,803 DEBUG:	I2C HID devices
2025-01-02 23:19:37,803 DEBUG:	│ "ELAN0676:00 04F3:3195 Mouse" [ELAN0676] : \_SB_.I2CB.TPD0
2025-01-02 23:19:37,803 DEBUG:	└─"ELAN0676:00 04F3:3195 Touchpad" [ELAN0676] : \_SB_.I2CB.TPD0
2025-01-02 23:19:37,858 DEBUG:	Wakeup sources:
2025-01-02 23:19:37,858 DEBUG:	│  [/sys/devices/platform/USBC000:00/power_supply/ucsi-source-psy-USBC000:001/wakeup66]: enabled
2025-01-02 23:19:37,858 DEBUG:	│  [/sys/devices/platform/USBC000:00/power_supply/ucsi-source-psy-USBC000:002/wakeup67]: enabled
2025-01-02 23:19:37,858 DEBUG:	│ ACPI Battery [PNP0C0A:00]: enabled
2025-01-02 23:19:37,858 DEBUG:	│ ACPI Lid Switch [PNP0C0D:00]: enabled
2025-01-02 23:19:37,858 DEBUG:	│ ACPI Power Button [PNP0C0C:00]: enabled
2025-01-02 23:19:37,858 DEBUG:	│ ACPI Sleep Button [PNP0C0E:00]: enabled
2025-01-02 23:19:37,858 DEBUG:	│ AT Translated Set 2 keyboard [serio0]: enabled
2025-01-02 23:19:37,858 DEBUG:	│ Advanced Micro Devices, Inc. [AMD] ISA bridge [0000:00:14.3]: enabled
2025-01-02 23:19:37,858 DEBUG:	│ Advanced Micro Devices, Inc. [AMD] Multimedia controller [0000:c4:00.5]: enabled
2025-01-02 23:19:37,858 DEBUG:	│ Advanced Micro Devices, Inc. [AMD] PCI bridge [0000:00:02.1]: enabled
2025-01-02 23:19:37,858 DEBUG:	│ Advanced Micro Devices, Inc. [AMD] PCI bridge [0000:00:02.2]: enabled
2025-01-02 23:19:37,858 DEBUG:	│ Advanced Micro Devices, Inc. [AMD] PCI bridge [0000:00:03.1]: enabled
2025-01-02 23:19:37,858 DEBUG:	│ Advanced Micro Devices, Inc. [AMD] PCI bridge [0000:00:04.1]: enabled
2025-01-02 23:19:37,858 DEBUG:	│ Advanced Micro Devices, Inc. [AMD] USB controller [0000:c4:00.3]: enabled
2025-01-02 23:19:37,858 DEBUG:	│ Advanced Micro Devices, Inc. [AMD] USB controller [0000:c4:00.4]: enabled
2025-01-02 23:19:37,858 DEBUG:	│ Advanced Micro Devices, Inc. [AMD] USB controller [0000:c6:00.3]: enabled
2025-01-02 23:19:37,858 DEBUG:	│ Advanced Micro Devices, Inc. [AMD] USB controller [0000:c6:00.4]: enabled
2025-01-02 23:19:37,858 DEBUG:	│ Advanced Micro Devices, Inc. [AMD] USB controller [0000:c6:00.5]: enabled
2025-01-02 23:19:37,858 DEBUG:	│ Advanced Micro Devices, Inc. [AMD] USB controller [0000:c6:00.6]: enabled
2025-01-02 23:19:37,858 DEBUG:	│ ELAN0676:00 04F3:3195 Mouse [i2c-ELAN0676:00]: enabled
2025-01-02 23:19:37,858 DEBUG:	│ Mobile Broadband host interface [mhi0]: enabled
2025-01-02 23:19:37,858 DEBUG:	│ Plug-n-play Real Time Clock [00:01]: enabled
2025-01-02 23:19:37,858 DEBUG:	│ Real Time Clock alarm timer [rtc0]: enabled
2025-01-02 23:19:37,858 DEBUG:	│ Thunderbolt domain [domain0]: enabled
2025-01-02 23:19:37,858 DEBUG:	│ Thunderbolt domain [domain1]: enabled
2025-01-02 23:19:37,858 DEBUG:	│ USB4 host controller [0-0]: enabled
2025-01-02 23:19:37,858 DEBUG:	└─USB4 host controller [1-0]: enabled
2025-01-02 23:19:37,864 DEBUG:	/*
2025-01-02 23:19:37,864 DEBUG:	 * Intel ACPI Component Architecture
2025-01-02 23:19:37,864 DEBUG:	 * AML/ASL+ Disassembler version 20230628 (64-bit version)
2025-01-02 23:19:37,864 DEBUG:	 * Copyright (c) 2000 - 2023 Intel Corporation
2025-01-02 23:19:37,864 DEBUG:	 *
2025-01-02 23:19:37,864 DEBUG:	 * Disassembling to symbolic ASL+ operators
2025-01-02 23:19:37,864 DEBUG:	 *
2025-01-02 23:19:37,864 DEBUG:	 * Disassembly of /sys/firmware/acpi/tables/SSDT22
2025-01-02 23:19:37,864 DEBUG:	 *
2025-01-02 23:19:37,864 DEBUG:	 * Original Table Header:
2025-01-02 23:19:37,864 DEBUG:	 *     Signature        "SSDT"
2025-01-02 23:19:37,864 DEBUG:	 *     Length           0x00000D9D (3485)
2025-01-02 23:19:37,864 DEBUG:	 *     Revision         0x02
2025-01-02 23:19:37,864 DEBUG:	 *     Checksum         0x85
2025-01-02 23:19:37,864 DEBUG:	 *     OEM ID           "LENOVO"
2025-01-02 23:19:37,864 DEBUG:	 *     OEM Table ID     "CPMGPIO0"
2025-01-02 23:19:37,864 DEBUG:	 *     OEM Revision     0x00000001 (1)
2025-01-02 23:19:37,865 DEBUG:	 *     Compiler ID      "INTL"
2025-01-02 23:19:37,865 DEBUG:	 *     Compiler Version 0x20180313 (538444563)
2025-01-02 23:19:37,865 DEBUG:	 */
2025-01-02 23:19:37,865 DEBUG:	DefinitionBlock ("", "SSDT", 2, "LENOVO", "CPMGPIO0", 0x00000001)
2025-01-02 23:19:37,865 DEBUG:	{
2025-01-02 23:19:37,865 DEBUG:	    External (_SB_.GPIO, DeviceObj)
2025-01-02 23:19:37,865 DEBUG:	    External (_SB_.PCI0.GP17.ACP_, DeviceObj)
2025-01-02 23:19:37,865 DEBUG:	    External (_SB_.PCI0.GP17.AZAL, DeviceObj)
2025-01-02 23:19:37,865 DEBUG:	    External (_SB_.PCI0.GP17.MP2C, DeviceObj)
2025-01-02 23:19:37,865 DEBUG:	    External (_SB_.PCI0.GP17.XHC0, DeviceObj)
2025-01-02 23:19:37,865 DEBUG:	    External (_SB_.PCI0.GP17.XHC1, DeviceObj)
2025-01-02 23:19:37,865 DEBUG:	    External (_SB_.PCI0.GPP2, DeviceObj)
2025-01-02 23:19:37,865 DEBUG:	    External (_SB_.PCI0.GPP2.WWAN, DeviceObj)
2025-01-02 23:19:37,865 DEBUG:	    External (_SB_.PCI0.GPP6, DeviceObj)
2025-01-02 23:19:37,865 DEBUG:	    External (_SB_.PCI0.GPP7, DeviceObj)
2025-01-02 23:19:37,865 DEBUG:	    External (_SB_.PCI0.LPC0.EC0_, DeviceObj)
2025-01-02 23:19:37,865 DEBUG:	    External (_SB_.PCI0.LPC0.EC0_.ACAT, UnknownObj)
2025-01-02 23:19:37,865 DEBUG:	    External (_SB_.PCI0.LPC0.EC0_.ACIN, MethodObj)    // 0 Arguments
2025-01-02 23:19:37,865 DEBUG:	    External (_SB_.PCI0.LPC0.EC0_.ACOU, MethodObj)    // 0 Arguments
2025-01-02 23:19:37,865 DEBUG:	    External (_SB_.PCI0.LPC0.EC0_.HWAK, FieldUnitObj)
2025-01-02 23:19:37,865 DEBUG:	    External (_SB_.PCI0.LPC0.EC0_.LIDC, MethodObj)    // 0 Arguments
2025-01-02 23:19:37,865 DEBUG:	    External (_SB_.PCI0.LPC0.EC0_.LIDO, MethodObj)    // 0 Arguments
2025-01-02 23:19:37,865 DEBUG:	    External (_SB_.PCI0.LPC0.EC0_.WWDT, UnknownObj)
2025-01-02 23:19:37,865 DEBUG:	    External (_SB_.PWRB, DeviceObj)
2025-01-02 23:19:37,865 DEBUG:	    External (M000, MethodObj)    // 1 Arguments
2025-01-02 23:19:37,865 DEBUG:	    External (M037, DeviceObj)
2025-01-02 23:19:37,865 DEBUG:	    External (M046, IntObj)
2025-01-02 23:19:37,865 DEBUG:	    External (M047, IntObj)
2025-01-02 23:19:37,865 DEBUG:	    External (M050, DeviceObj)
2025-01-02 23:19:37,865 DEBUG:	    External (M051, DeviceObj)
2025-01-02 23:19:37,865 DEBUG:	    External (M052, DeviceObj)
2025-01-02 23:19:37,865 DEBUG:	    External (M053, DeviceObj)
2025-01-02 23:19:37,865 DEBUG:	    External (M054, DeviceObj)
2025-01-02 23:19:37,865 DEBUG:	    External (M055, DeviceObj)
2025-01-02 23:19:37,865 DEBUG:	    External (M056, DeviceObj)
2025-01-02 23:19:37,865 DEBUG:	    External (M057, DeviceObj)
2025-01-02 23:19:37,865 DEBUG:	    External (M058, DeviceObj)
2025-01-02 23:19:37,865 DEBUG:	    External (M059, DeviceObj)
2025-01-02 23:19:37,865 DEBUG:	    External (M062, DeviceObj)
2025-01-02 23:19:37,865 DEBUG:	    External (M068, DeviceObj)
2025-01-02 23:19:37,865 DEBUG:	    External (M069, DeviceObj)
2025-01-02 23:19:37,865 DEBUG:	    External (M070, DeviceObj)
2025-01-02 23:19:37,865 DEBUG:	    External (M071, DeviceObj)
2025-01-02 23:19:37,865 DEBUG:	    External (M072, DeviceObj)
2025-01-02 23:19:37,865 DEBUG:	    External (M074, DeviceObj)
2025-01-02 23:19:37,865 DEBUG:	    External (M075, DeviceObj)
2025-01-02 23:19:37,866 DEBUG:	    External (M076, DeviceObj)
2025-01-02 23:19:37,866 DEBUG:	    External (M077, DeviceObj)
2025-01-02 23:19:37,866 DEBUG:	    External (M078, DeviceObj)
2025-01-02 23:19:37,866 DEBUG:	    External (M079, DeviceObj)
2025-01-02 23:19:37,866 DEBUG:	    External (M080, DeviceObj)
2025-01-02 23:19:37,866 DEBUG:	    External (M081, DeviceObj)
2025-01-02 23:19:37,866 DEBUG:	    External (M082, FieldUnitObj)
2025-01-02 23:19:37,866 DEBUG:	    External (M083, FieldUnitObj)
2025-01-02 23:19:37,866 DEBUG:	    External (M084, FieldUnitObj)
2025-01-02 23:19:37,866 DEBUG:	    External (M085, FieldUnitObj)
2025-01-02 23:19:37,866 DEBUG:	    External (M086, FieldUnitObj)
2025-01-02 23:19:37,866 DEBUG:	    External (M087, FieldUnitObj)
2025-01-02 23:19:37,866 DEBUG:	    External (M088, FieldUnitObj)
2025-01-02 23:19:37,866 DEBUG:	    External (M089, FieldUnitObj)
2025-01-02 23:19:37,866 DEBUG:	    External (M090, FieldUnitObj)
2025-01-02 23:19:37,866 DEBUG:	    External (M091, FieldUnitObj)
2025-01-02 23:19:37,866 DEBUG:	    External (M092, FieldUnitObj)
2025-01-02 23:19:37,866 DEBUG:	    External (M093, FieldUnitObj)
2025-01-02 23:19:37,866 DEBUG:	    External (M094, FieldUnitObj)
2025-01-02 23:19:37,866 DEBUG:	    External (M095, FieldUnitObj)
2025-01-02 23:19:37,866 DEBUG:	    External (M096, FieldUnitObj)
2025-01-02 23:19:37,866 DEBUG:	    External (M097, FieldUnitObj)
2025-01-02 23:19:37,866 DEBUG:	    External (M098, FieldUnitObj)
2025-01-02 23:19:37,866 DEBUG:	    External (M099, FieldUnitObj)
2025-01-02 23:19:37,866 DEBUG:	    External (M100, FieldUnitObj)
2025-01-02 23:19:37,866 DEBUG:	    External (M101, FieldUnitObj)
2025-01-02 23:19:37,866 DEBUG:	    External (M102, FieldUnitObj)
2025-01-02 23:19:37,866 DEBUG:	    External (M103, FieldUnitObj)
2025-01-02 23:19:37,866 DEBUG:	    External (M104, FieldUnitObj)
2025-01-02 23:19:37,866 DEBUG:	    External (M105, FieldUnitObj)
2025-01-02 23:19:37,866 DEBUG:	    External (M106, FieldUnitObj)
2025-01-02 23:19:37,866 DEBUG:	    External (M107, FieldUnitObj)
2025-01-02 23:19:37,866 DEBUG:	    External (M108, FieldUnitObj)
2025-01-02 23:19:37,866 DEBUG:	    External (M109, FieldUnitObj)
2025-01-02 23:19:37,866 DEBUG:	    External (M110, FieldUnitObj)
2025-01-02 23:19:37,866 DEBUG:	    External (M115, BuffObj)
2025-01-02 23:19:37,866 DEBUG:	    External (M116, BuffFieldObj)
2025-01-02 23:19:37,866 DEBUG:	    External (M117, BuffFieldObj)
2025-01-02 23:19:37,866 DEBUG:	    External (M118, BuffFieldObj)
2025-01-02 23:19:37,866 DEBUG:	    External (M119, BuffFieldObj)
2025-01-02 23:19:37,866 DEBUG:	    External (M120, BuffFieldObj)
2025-01-02 23:19:37,866 DEBUG:	    External (M122, FieldUnitObj)
2025-01-02 23:19:37,866 DEBUG:	    External (M127, DeviceObj)
2025-01-02 23:19:37,866 DEBUG:	    External (M128, FieldUnitObj)
2025-01-02 23:19:37,866 DEBUG:	    External (M131, FieldUnitObj)
2025-01-02 23:19:37,866 DEBUG:	    External (M132, FieldUnitObj)
2025-01-02 23:19:37,866 DEBUG:	    External (M133, FieldUnitObj)
2025-01-02 23:19:37,866 DEBUG:	    External (M134, FieldUnitObj)
2025-01-02 23:19:37,866 DEBUG:	    External (M135, FieldUnitObj)
2025-01-02 23:19:37,866 DEBUG:	    External (M136, FieldUnitObj)
2025-01-02 23:19:37,866 DEBUG:	    External (M220, FieldUnitObj)
2025-01-02 23:19:37,866 DEBUG:	    External (M221, FieldUnitObj)
2025-01-02 23:19:37,866 DEBUG:	    External (M226, FieldUnitObj)
2025-01-02 23:19:37,866 DEBUG:	    External (M227, DeviceObj)
2025-01-02 23:19:37,866 DEBUG:	    External (M229, FieldUnitObj)
2025-01-02 23:19:37,866 DEBUG:	    External (M231, FieldUnitObj)
2025-01-02 23:19:37,866 DEBUG:	    External (M233, FieldUnitObj)
2025-01-02 23:19:37,866 DEBUG:	    External (M235, FieldUnitObj)
2025-01-02 23:19:37,866 DEBUG:	    External (M23A, FieldUnitObj)
2025-01-02 23:19:37,866 DEBUG:	    External (M251, FieldUnitObj)
2025-01-02 23:19:37,866 DEBUG:	    External (M280, FieldUnitObj)
2025-01-02 23:19:37,866 DEBUG:	    External (M290, FieldUnitObj)
2025-01-02 23:19:37,866 DEBUG:	    External (M29A, FieldUnitObj)
2025-01-02 23:19:37,866 DEBUG:	    External (M310, FieldUnitObj)
2025-01-02 23:19:37,866 DEBUG:	    External (M31C, FieldUnitObj)
2025-01-02 23:19:37,866 DEBUG:	    External (M320, FieldUnitObj)
2025-01-02 23:19:37,866 DEBUG:	    External (M321, FieldUnitObj)
2025-01-02 23:19:37,866 DEBUG:	    External (M322, FieldUnitObj)
2025-01-02 23:19:37,866 DEBUG:	    External (M323, FieldUnitObj)
2025-01-02 23:19:37,866 DEBUG:	    External (M324, FieldUnitObj)
2025-01-02 23:19:37,866 DEBUG:	    External (M325, FieldUnitObj)
2025-01-02 23:19:37,866 DEBUG:	    External (M326, FieldUnitObj)
2025-01-02 23:19:37,867 DEBUG:	    External (M327, FieldUnitObj)
2025-01-02 23:19:37,867 DEBUG:	    External (M328, FieldUnitObj)
2025-01-02 23:19:37,867 DEBUG:	    External (M329, DeviceObj)
2025-01-02 23:19:37,867 DEBUG:	    External (M32A, DeviceObj)
2025-01-02 23:19:37,867 DEBUG:	    External (M32B, DeviceObj)
2025-01-02 23:19:37,867 DEBUG:	    External (M330, DeviceObj)
2025-01-02 23:19:37,867 DEBUG:	    External (M331, FieldUnitObj)
2025-01-02 23:19:37,867 DEBUG:	    External (M378, FieldUnitObj)
2025-01-02 23:19:37,867 DEBUG:	    External (M379, FieldUnitObj)
2025-01-02 23:19:37,867 DEBUG:	    External (M380, FieldUnitObj)
2025-01-02 23:19:37,867 DEBUG:	    External (M381, FieldUnitObj)
2025-01-02 23:19:37,867 DEBUG:	    External (M382, FieldUnitObj)
2025-01-02 23:19:37,867 DEBUG:	    External (M383, FieldUnitObj)
2025-01-02 23:19:37,867 DEBUG:	    External (M384, FieldUnitObj)
2025-01-02 23:19:37,867 DEBUG:	    External (M385, FieldUnitObj)
2025-01-02 23:19:37,867 DEBUG:	    External (M386, FieldUnitObj)
2025-01-02 23:19:37,867 DEBUG:	    External (M387, FieldUnitObj)
2025-01-02 23:19:37,867 DEBUG:	    External (M388, FieldUnitObj)
2025-01-02 23:19:37,867 DEBUG:	    External (M389, FieldUnitObj)
2025-01-02 23:19:37,867 DEBUG:	    External (M390, FieldUnitObj)
2025-01-02 23:19:37,867 DEBUG:	    External (M391, FieldUnitObj)
2025-01-02 23:19:37,867 DEBUG:	    External (M392, FieldUnitObj)
2025-01-02 23:19:37,867 DEBUG:	    External (M404, BuffObj)
2025-01-02 23:19:37,867 DEBUG:	    External (M408, MutexObj)
2025-01-02 23:19:37,867 DEBUG:	    External (M414, FieldUnitObj)
2025-01-02 23:19:37,867 DEBUG:	    External (M444, FieldUnitObj)
2025-01-02 23:19:37,867 DEBUG:	    External (M449, FieldUnitObj)
2025-01-02 23:19:37,867 DEBUG:	    External (M453, FieldUnitObj)
2025-01-02 23:19:37,867 DEBUG:	    External (M454, FieldUnitObj)
2025-01-02 23:19:37,867 DEBUG:	    External (M455, FieldUnitObj)
2025-01-02 23:19:37,867 DEBUG:	    External (M456, FieldUnitObj)
2025-01-02 23:19:37,867 DEBUG:	    External (M457, FieldUnitObj)
2025-01-02 23:19:37,867 DEBUG:	    External (M460, MethodObj)    // 7 Arguments
2025-01-02 23:19:37,867 DEBUG:	    External (M4C0, FieldUnitObj)
2025-01-02 23:19:37,867 DEBUG:	    External (M4F0, FieldUnitObj)
2025-01-02 23:19:37,867 DEBUG:	    External (M610, FieldUnitObj)
2025-01-02 23:19:37,867 DEBUG:	    External (M620, FieldUnitObj)
2025-01-02 23:19:37,867 DEBUG:	    External (M631, FieldUnitObj)
2025-01-02 23:19:37,867 DEBUG:	    External (M652, FieldUnitObj)
2025-01-02 23:19:37,867 DEBUG:	
2025-01-02 23:19:37,867 DEBUG:	    Scope (\)
2025-01-02 23:19:37,867 DEBUG:	    {
2025-01-02 23:19:37,867 DEBUG:	        Name (HPDW, 0x55)
2025-01-02 23:19:37,867 DEBUG:	        Name (WLD3, 0x01)
2025-01-02 23:19:37,867 DEBUG:	    }
2025-01-02 23:19:37,867 DEBUG:	
2025-01-02 23:19:37,867 DEBUG:	    Scope (\_SB.GPIO)
2025-01-02 23:19:37,867 DEBUG:	    {
2025-01-02 23:19:37,867 DEBUG:	        Method (_AEI, 0, NotSerialized)  // _AEI: ACPI Event Interrupts
2025-01-02 23:19:37,867 DEBUG:	        {
2025-01-02 23:19:37,867 DEBUG:	            Name (BUF0, ResourceTemplate ()
2025-01-02 23:19:37,867 DEBUG:	            {
2025-01-02 23:19:37,867 DEBUG:	                GpioInt (Edge, ActiveHigh, ExclusiveAndWake, PullDefault, 0x1388,
2025-01-02 23:19:37,867 DEBUG:	                    "\\_SB.GPIO", 0x00, ResourceConsumer, ,
2025-01-02 23:19:37,867 DEBUG:	                    )
2025-01-02 23:19:37,867 DEBUG:	                    {   // Pin list
2025-01-02 23:19:37,867 DEBUG:	                        0x0000
2025-01-02 23:19:37,867 DEBUG:	                    }
2025-01-02 23:19:37,867 DEBUG:	                GpioInt (Level, ActiveHigh, ExclusiveAndWake, PullNone, 0x0000,
2025-01-02 23:19:37,867 DEBUG:	                    "\\_SB.GPIO", 0x00, ResourceConsumer, ,
2025-01-02 23:19:37,867 DEBUG:	                    )
2025-01-02 23:19:37,867 DEBUG:	                    {   // Pin list
2025-01-02 23:19:37,867 DEBUG:	                        0x003D
2025-01-02 23:19:37,867 DEBUG:	                    }
2025-01-02 23:19:37,867 DEBUG:	                GpioInt (Level, ActiveHigh, ExclusiveAndWake, PullNone, 0x0000,
2025-01-02 23:19:37,867 DEBUG:	                    "\\_SB.GPIO", 0x00, ResourceConsumer, ,
2025-01-02 23:19:37,867 DEBUG:	                    )
2025-01-02 23:19:37,867 DEBUG:	                    {   // Pin list
2025-01-02 23:19:37,867 DEBUG:	                        0x003E
2025-01-02 23:19:37,867 DEBUG:	                    }
2025-01-02 23:19:37,867 DEBUG:	                GpioInt (Level, ActiveHigh, ExclusiveAndWake, PullNone, 0x0000,
2025-01-02 23:19:37,868 DEBUG:	                    "\\_SB.GPIO", 0x00, ResourceConsumer, ,
2025-01-02 23:19:37,868 DEBUG:	                    )
2025-01-02 23:19:37,868 DEBUG:	                    {   // Pin list
2025-01-02 23:19:37,868 DEBUG:	                        0x003A
2025-01-02 23:19:37,868 DEBUG:	                    }
2025-01-02 23:19:37,868 DEBUG:	                GpioInt (Level, ActiveHigh, ExclusiveAndWake, PullNone, 0x0000,
2025-01-02 23:19:37,868 DEBUG:	                    "\\_SB.GPIO", 0x00, ResourceConsumer, ,
2025-01-02 23:19:37,868 DEBUG:	                    )
2025-01-02 23:19:37,868 DEBUG:	                    {   // Pin list
2025-01-02 23:19:37,868 DEBUG:	                        0x003B
2025-01-02 23:19:37,868 DEBUG:	                    }
2025-01-02 23:19:37,868 DEBUG:	                GpioInt (Edge, ActiveLow, ExclusiveAndWake, PullNone, 0x0000,
2025-01-02 23:19:37,868 DEBUG:	                    "\\_SB.GPIO", 0x00, ResourceConsumer, ,
2025-01-02 23:19:37,868 DEBUG:	                    )
2025-01-02 23:19:37,868 DEBUG:	                    {   // Pin list
2025-01-02 23:19:37,868 DEBUG:	                        0x0009
2025-01-02 23:19:37,868 DEBUG:	                    }
2025-01-02 23:19:37,868 DEBUG:	                GpioInt (Edge, ActiveLow, ExclusiveAndWake, PullNone, 0x0000,
2025-01-02 23:19:37,868 DEBUG:	                    "\\_SB.GPIO", 0x00, ResourceConsumer, ,
2025-01-02 23:19:37,868 DEBUG:	                    )
2025-01-02 23:19:37,868 DEBUG:	                    {   // Pin list
2025-01-02 23:19:37,868 DEBUG:	                        0x0012
2025-01-02 23:19:37,868 DEBUG:	                    }
2025-01-02 23:19:37,868 DEBUG:	                GpioInt (Edge, ActiveHigh, ExclusiveAndWake, PullNone, 0x0000,
2025-01-02 23:19:37,868 DEBUG:	                    "\\_SB.GPIO", 0x00, ResourceConsumer, ,
2025-01-02 23:19:37,868 DEBUG:	                    )
2025-01-02 23:19:37,868 DEBUG:	                    {   // Pin list
2025-01-02 23:19:37,868 DEBUG:	                        0x002C
2025-01-02 23:19:37,868 DEBUG:	                    }
2025-01-02 23:19:37,868 DEBUG:	            })
2025-01-02 23:19:37,868 DEBUG:	            Name (BUF1, ResourceTemplate ()
2025-01-02 23:19:37,868 DEBUG:	            {
2025-01-02 23:19:37,868 DEBUG:	                GpioInt (Edge, ActiveHigh, ExclusiveAndWake, PullDefault, 0x1388,
2025-01-02 23:19:37,868 DEBUG:	                    "\\_SB.GPIO", 0x00, ResourceConsumer, ,
2025-01-02 23:19:37,868 DEBUG:	                    )
2025-01-02 23:19:37,868 DEBUG:	                    {   // Pin list
2025-01-02 23:19:37,868 DEBUG:	                        0x0000
2025-01-02 23:19:37,868 DEBUG:	                    }
2025-01-02 23:19:37,868 DEBUG:	                GpioInt (Level, ActiveHigh, ExclusiveAndWake, PullNone, 0x0000,
2025-01-02 23:19:37,868 DEBUG:	                    "\\_SB.GPIO", 0x00, ResourceConsumer, ,
2025-01-02 23:19:37,868 DEBUG:	                    )
2025-01-02 23:19:37,868 DEBUG:	                    {   // Pin list
2025-01-02 23:19:37,868 DEBUG:	                        0x003D
2025-01-02 23:19:37,868 DEBUG:	                    }
2025-01-02 23:19:37,868 DEBUG:	                GpioInt (Level, ActiveHigh, ExclusiveAndWake, PullNone, 0x0000,
2025-01-02 23:19:37,868 DEBUG:	                    "\\_SB.GPIO", 0x00, ResourceConsumer, ,
2025-01-02 23:19:37,868 DEBUG:	                    )
2025-01-02 23:19:37,868 DEBUG:	                    {   // Pin list
2025-01-02 23:19:37,868 DEBUG:	                        0x003E
2025-01-02 23:19:37,868 DEBUG:	                    }
2025-01-02 23:19:37,868 DEBUG:	                GpioInt (Level, ActiveHigh, ExclusiveAndWake, PullNone, 0x0000,
2025-01-02 23:19:37,868 DEBUG:	                    "\\_SB.GPIO", 0x00, ResourceConsumer, ,
2025-01-02 23:19:37,868 DEBUG:	                    )
2025-01-02 23:19:37,868 DEBUG:	                    {   // Pin list
2025-01-02 23:19:37,868 DEBUG:	                        0x003A
2025-01-02 23:19:37,868 DEBUG:	                    }
2025-01-02 23:19:37,868 DEBUG:	                GpioInt (Level, ActiveHigh, ExclusiveAndWake, PullNone, 0x0000,
2025-01-02 23:19:37,868 DEBUG:	                    "\\_SB.GPIO", 0x00, ResourceConsumer, ,
2025-01-02 23:19:37,868 DEBUG:	                    )
2025-01-02 23:19:37,868 DEBUG:	                    {   // Pin list
2025-01-02 23:19:37,868 DEBUG:	                        0x003B
2025-01-02 23:19:37,868 DEBUG:	                    }
2025-01-02 23:19:37,868 DEBUG:	                GpioInt (Edge, ActiveLow, ExclusiveAndWake, PullNone, 0x0000,
2025-01-02 23:19:37,868 DEBUG:	                    "\\_SB.GPIO", 0x00, ResourceConsumer, ,
2025-01-02 23:19:37,868 DEBUG:	                    )
2025-01-02 23:19:37,868 DEBUG:	                    {   // Pin list
2025-01-02 23:19:37,868 DEBUG:	                        0x0012
2025-01-02 23:19:37,868 DEBUG:	                    }
2025-01-02 23:19:37,868 DEBUG:	                GpioInt (Edge, ActiveHigh, ExclusiveAndWake, PullNone, 0x0000,
2025-01-02 23:19:37,868 DEBUG:	                    "\\_SB.GPIO", 0x00, ResourceConsumer, ,
2025-01-02 23:19:37,868 DEBUG:	                    )
2025-01-02 23:19:37,868 DEBUG:	                    {   // Pin list
2025-01-02 23:19:37,869 DEBUG:	                        0x002C
2025-01-02 23:19:37,869 DEBUG:	                    }
2025-01-02 23:19:37,869 DEBUG:	            })
2025-01-02 23:19:37,869 DEBUG:	            If ((\_SB.PCI0.LPC0.EC0.WWDT != 0x0F))
2025-01-02 23:19:37,869 DEBUG:	            {
2025-01-02 23:19:37,869 DEBUG:	                Return (BUF0) /* \_SB_.GPIO._AEI.BUF0 */
2025-01-02 23:19:37,869 DEBUG:	            }
2025-01-02 23:19:37,869 DEBUG:	            Else
2025-01-02 23:19:37,869 DEBUG:	            {
2025-01-02 23:19:37,869 DEBUG:	                Return (BUF1) /* \_SB_.GPIO._AEI.BUF1 */
2025-01-02 23:19:37,869 DEBUG:	            }
2025-01-02 23:19:37,869 DEBUG:	        }
2025-01-02 23:19:37,869 DEBUG:	
2025-01-02 23:19:37,869 DEBUG:	        Method (_EVT, 1, Serialized)  // _EVT: Event
2025-01-02 23:19:37,869 DEBUG:	        {
2025-01-02 23:19:37,869 DEBUG:	            M460 ("  OEM-ASL-\\_SB.GPIO._EVT-Start Case %d\n", ToInteger (Arg0), 0x00, 0x00, 0x00, 0x00, 0x00)
2025-01-02 23:19:37,869 DEBUG:	            Switch (ToInteger (Arg0))
2025-01-02 23:19:37,869 DEBUG:	            {
2025-01-02 23:19:37,869 DEBUG:	                Case (0x00)
2025-01-02 23:19:37,869 DEBUG:	                {
2025-01-02 23:19:37,869 DEBUG:	                    M000 (0x3900)
2025-01-02 23:19:37,869 DEBUG:	                    Local0 = \_SB.PCI0.LPC0.EC0.HWAK /* External reference */
2025-01-02 23:19:37,869 DEBUG:	                    If (((Local0 & 0x04) == 0x04))
2025-01-02 23:19:37,869 DEBUG:	                    {
2025-01-02 23:19:37,869 DEBUG:	                        Local0 &= 0xFFFB
2025-01-02 23:19:37,869 DEBUG:	                        \_SB.PCI0.LPC0.EC0.HWAK = Local0
2025-01-02 23:19:37,869 DEBUG:	                        \_SB.PCI0.LPC0.EC0.LIDO ()
2025-01-02 23:19:37,869 DEBUG:	                        Sleep (0x01F4)
2025-01-02 23:19:37,869 DEBUG:	                    }
2025-01-02 23:19:37,869 DEBUG:	                    ElseIf (((Local0 & 0x20) == 0x20))
2025-01-02 23:19:37,869 DEBUG:	                    {
2025-01-02 23:19:37,869 DEBUG:	                        Local0 &= 0xFFDF
2025-01-02 23:19:37,869 DEBUG:	                        \_SB.PCI0.LPC0.EC0.HWAK = Local0
2025-01-02 23:19:37,869 DEBUG:	                        \_SB.PCI0.LPC0.EC0.LIDC ()
2025-01-02 23:19:37,869 DEBUG:	                        Sleep (0x01F4)
2025-01-02 23:19:37,869 DEBUG:	                    }
2025-01-02 23:19:37,869 DEBUG:	                    ElseIf (((Local0 & 0x40) == 0x40))
2025-01-02 23:19:37,869 DEBUG:	                    {
2025-01-02 23:19:37,869 DEBUG:	                        Local0 &= 0xFFBF
2025-01-02 23:19:37,869 DEBUG:	                        \_SB.PCI0.LPC0.EC0.HWAK = Local0
2025-01-02 23:19:37,869 DEBUG:	                        If ((\_SB.PCI0.LPC0.EC0.ACAT == 0x01))
2025-01-02 23:19:37,869 DEBUG:	                        {
2025-01-02 23:19:37,869 DEBUG:	                            \_SB.PCI0.LPC0.EC0.ACIN ()
2025-01-02 23:19:37,869 DEBUG:	                        }
2025-01-02 23:19:37,869 DEBUG:	                        Else
2025-01-02 23:19:37,869 DEBUG:	                        {
2025-01-02 23:19:37,869 DEBUG:	                            \_SB.PCI0.LPC0.EC0.ACOU ()
2025-01-02 23:19:37,869 DEBUG:	                        }
2025-01-02 23:19:37,869 DEBUG:	                    }
2025-01-02 23:19:37,869 DEBUG:	                    Else
2025-01-02 23:19:37,869 DEBUG:	                    {
2025-01-02 23:19:37,869 DEBUG:	                        M000 (0x3900)
2025-01-02 23:19:37,869 DEBUG:	                        Local0 &= 0xFFEF
2025-01-02 23:19:37,869 DEBUG:	                        \_SB.PCI0.LPC0.EC0.HWAK = Local0
2025-01-02 23:19:37,869 DEBUG:	                        M460 ("    Notify (\\_SB.PWRB, 0x80)\n", 0x00, 0x00, 0x00, 0x00, 0x00, 0x00)
2025-01-02 23:19:37,869 DEBUG:	                        Notify (\_SB.PWRB, 0x80) // Status Change
2025-01-02 23:19:37,869 DEBUG:	                    }
2025-01-02 23:19:37,869 DEBUG:	                }
2025-01-02 23:19:37,869 DEBUG:	                Case (0x09)
2025-01-02 23:19:37,869 DEBUG:	                {
2025-01-02 23:19:37,869 DEBUG:	                    M000 (0x3909)
2025-01-02 23:19:37,869 DEBUG:	                    M460 ("    Notify (\\_SB.PCI0.GPP2, 0x02)\n", 0x00, 0x00, 0x00, 0x00, 0x00, 0x00)
2025-01-02 23:19:37,869 DEBUG:	                    Notify (\_SB.PCI0.GPP2, 0x02) // Device Wake
2025-01-02 23:19:37,869 DEBUG:	                    Notify (\_SB.PCI0.GPP2.WWAN, 0x02) // Device Wake
2025-01-02 23:19:37,869 DEBUG:	                }
2025-01-02 23:19:37,869 DEBUG:	                Case (0x12)
2025-01-02 23:19:37,869 DEBUG:	                {
2025-01-02 23:19:37,869 DEBUG:	                    M000 (0x3912)
2025-01-02 23:19:37,869 DEBUG:	                    M460 ("    Notify (\\_SB.PCI0.GPP6, 0x02)\n", 0x00, 0x00, 0x00, 0x00, 0x00, 0x00)
2025-01-02 23:19:37,869 DEBUG:	                    Notify (\_SB.PCI0.GPP6, 0x02) // Device Wake
2025-01-02 23:19:37,869 DEBUG:	                }
2025-01-02 23:19:37,869 DEBUG:	                Case (0x36)
2025-01-02 23:19:37,870 DEBUG:	                {
2025-01-02 23:19:37,870 DEBUG:	                    M000 (0x3936)
2025-01-02 23:19:37,870 DEBUG:	                    M460 ("    Notify (\\_SB.PCI0.GP17.MP2C, 0x02)\n", 0x00, 0x00, 0x00, 0x00, 0x00, 0x00)
2025-01-02 23:19:37,870 DEBUG:	                    Notify (\_SB.PCI0.GP17.MP2C, 0x02) // Device Wake
2025-01-02 23:19:37,870 DEBUG:	                    If ((\HPDW == 0x01))
2025-01-02 23:19:37,870 DEBUG:	                    {
2025-01-02 23:19:37,870 DEBUG:	                        M460 ("    Notify (\\_SB.PCI0.GP17.MP2C(HPDW):PWRB 0x80)\n", 0x00, 0x00, 0x00, 0x00, 0x00, 0x00)
2025-01-02 23:19:37,870 DEBUG:	                        Notify (\_SB.PWRB, 0x80) // Status Change
2025-01-02 23:19:37,870 DEBUG:	                    }
2025-01-02 23:19:37,870 DEBUG:	                }
2025-01-02 23:19:37,870 DEBUG:	                Case (0x3A)
2025-01-02 23:19:37,870 DEBUG:	                {
2025-01-02 23:19:37,870 DEBUG:	                    M000 (0x393A)
2025-01-02 23:19:37,870 DEBUG:	                    M460 ("    Notify (\\_SB.PCI0.GP17.XHC0, 0x02)\n", 0x00, 0x00, 0x00, 0x00, 0x00, 0x00)
2025-01-02 23:19:37,870 DEBUG:	                    Notify (\_SB.PCI0.GP17.XHC0, 0x02) // Device Wake
2025-01-02 23:19:37,870 DEBUG:	                }
2025-01-02 23:19:37,870 DEBUG:	                Case (0x3B)
2025-01-02 23:19:37,870 DEBUG:	                {
2025-01-02 23:19:37,870 DEBUG:	                    M000 (0x393B)
2025-01-02 23:19:37,870 DEBUG:	                    M460 ("    Notify (\\_SB.PCI0.GP17.XHC1, 0x02)\n", 0x00, 0x00, 0x00, 0x00, 0x00, 0x00)
2025-01-02 23:19:37,870 DEBUG:	                    Notify (\_SB.PCI0.GP17.XHC1, 0x02) // Device Wake
2025-01-02 23:19:37,870 DEBUG:	                }
2025-01-02 23:19:37,870 DEBUG:	                Case (0x3D)
2025-01-02 23:19:37,870 DEBUG:	                {
2025-01-02 23:19:37,870 DEBUG:	                    M000 (0x393D)
2025-01-02 23:19:37,870 DEBUG:	                    M460 ("    Notify (\\_SB.PCI0.GP17.AZAL, 0x02)\n", 0x00, 0x00, 0x00, 0x00, 0x00, 0x00)
2025-01-02 23:19:37,870 DEBUG:	                    Notify (\_SB.PCI0.GP17.AZAL, 0x02) // Device Wake
2025-01-02 23:19:37,870 DEBUG:	                }
2025-01-02 23:19:37,870 DEBUG:	                Case (0x3E)
2025-01-02 23:19:37,870 DEBUG:	                {
2025-01-02 23:19:37,870 DEBUG:	                    M000 (0x393D)
2025-01-02 23:19:37,870 DEBUG:	                    M460 ("    Notify (\\_SB.PCI0.GP17.ACP, 0x02)\n", 0x00, 0x00, 0x00, 0x00, 0x00, 0x00)
2025-01-02 23:19:37,870 DEBUG:	                    Notify (\_SB.PCI0.GP17.ACP, 0x02) // Device Wake
2025-01-02 23:19:37,870 DEBUG:	                }
2025-01-02 23:19:37,870 DEBUG:	
2025-01-02 23:19:37,870 DEBUG:	            }
2025-01-02 23:19:37,870 DEBUG:	
2025-01-02 23:19:37,870 DEBUG:	            M460 ("  OEM-ASL-\\_SB.GPIO._EVT-End Case %d\n", ToInteger (Arg0), 0x00, 0x00, 0x00, 0x00, 0x00)
2025-01-02 23:19:37,870 DEBUG:	        }
2025-01-02 23:19:37,870 DEBUG:	    }
2025-01-02 23:19:37,870 DEBUG:	}
2025-01-02 23:19:37,871 DEBUG:	Power profiles:
2025-01-02 23:19:37,965 DEBUG:	   performance:
2025-01-02 23:19:37,966 DEBUG:	     CpuDriver:	amd_pstate
2025-01-02 23:19:37,966 DEBUG:	     PlatformDriver:	platform_profile
2025-01-02 23:19:37,966 DEBUG:	     Degraded:   no
2025-01-02 23:19:37,966 DEBUG:	 
2025-01-02 23:19:37,966 DEBUG:	 * balanced:
2025-01-02 23:19:37,966 DEBUG:	     CpuDriver:	amd_pstate
2025-01-02 23:19:37,966 DEBUG:	     PlatformDriver:	platform_profile
2025-01-02 23:19:37,966 DEBUG:	 
2025-01-02 23:19:37,966 DEBUG:	   power-saver:
2025-01-02 23:19:37,966 DEBUG:	     CpuDriver:	amd_pstate
2025-01-02 23:19:37,966 DEBUG:	     PlatformDriver:	platform_profile
2025-01-02 23:19:37,966 DEBUG:	 
2025-01-02 23:19:37,966 DEBUG:	Suspend timer programmed for 0:00:30
2025-01-02 23:19:37,969 DEBUG:	ACPI Lid (/proc/acpi/button/lid/LID/state): open
2025-01-02 23:19:39,976 INFO:	Started at 2025-01-02 23:19:39.975856 (cycle finish expected @ 2025-01-02 23:20:13.975880)
2025-01-02 23:20:12,809 INFO:	Results from last s2idle cycle
2025-01-02 23:20:12,810 DEBUG:	PM: suspend entry (s2idle)
2025-01-02 23:20:12,810 DEBUG:	Filesystems sync: 0.004 seconds
2025-01-02 23:20:12,811 DEBUG:	Freezing user space processes
2025-01-02 23:20:12,811 DEBUG:	Freezing user space processes completed (elapsed 0.003 seconds)
2025-01-02 23:20:12,811 DEBUG:	OOM killer disabled.
2025-01-02 23:20:12,811 DEBUG:	Freezing remaining freezable tasks
2025-01-02 23:20:12,811 DEBUG:	Freezing remaining freezable tasks completed (elapsed 0.001 seconds)
2025-01-02 23:20:12,811 DEBUG:	printk: Suspending console(s) (use no_console_suspend to debug)
2025-01-02 23:20:12,811 DEBUG:	PM: suspend of devices complete after 788.249 msecs
2025-01-02 23:20:12,811 DEBUG:	PM: start suspend of devices complete after 792.394 msecs
2025-01-02 23:20:12,811 DEBUG:	Disabling GPIO #8 interrupt for suspend.
2025-01-02 23:20:12,811 DEBUG:	PM: late suspend of devices complete after 2.003 msecs
2025-01-02 23:20:12,811 DEBUG:	ACPI: EC: interrupt blocked
2025-01-02 23:20:12,811 DEBUG:	PM: noirq suspend of devices complete after 94.520 msecs
2025-01-02 23:20:12,811 DEBUG:	ACPI: \_SB_.PCI0.GPP2: LPI: Constraint not met; min power state:D3hot current power state:D0
2025-01-02 23:20:12,811 DEBUG:	ACPI: \_SB_.PCI0.GP11.SWUS: LPI: Constraint not met; min power state:D3hot current power state:D0
2025-01-02 23:20:12,811 DEBUG:	ACPI: \_SB_.PCI0.GP12.SWUS: LPI: Constraint not met; min power state:D3hot current power state:D0
2025-01-02 23:20:12,811 DEBUG:	ACPI: \_SB_.PCI0.GPP7.DEV0: LPI: Constraint not met; min power state:D3hot current power state:D0
2025-01-02 23:20:12,811 DEBUG:	ACPI: \_SB_.PCI0.GPP2.WWAN: LPI: Constraint not met; min power state:D3hot current power state:D0
2025-01-02 23:20:12,811 DEBUG:	ACPI: \_SB_.PCI0.GP19.XHC2: LPI: Constraint not met; min power state:D3hot current power state:D0
2025-01-02 23:20:12,811 DEBUG:	PM: Triggering wakeup from IRQ 9
2025-01-02 23:20:12,812 DEBUG:	ACPI: \_SB_.PEP_: Successfully transitioned to state screen off
2025-01-02 23:20:12,812 DEBUG:	ACPI: \_SB_.PEP_: Successfully transitioned to state lps0 ms entry
2025-01-02 23:20:12,812 DEBUG:	ACPI: \_SB_.PEP_: Successfully transitioned to state lps0 entry
2025-01-02 23:20:12,812 DEBUG:	PM: suspend-to-idle
2025-01-02 23:20:12,812 DEBUG:	ACPI: EC: ACPI EC GPE status set
2025-01-02 23:20:12,812 DEBUG:	ACPI: PM: Rearming ACPI SCI for wakeup
2025-01-02 23:20:12,812 DEBUG:	amd_pmc: SMU idlemask s0i3: 0x3ffbbebd
2025-01-02 23:20:12,812 DEBUG:	Timekeeping suspended for 0.099 seconds
2025-01-02 23:20:12,812 DEBUG:	PM: Triggering wakeup from IRQ 9
2025-01-02 23:20:12,812 DEBUG:	ACPI: EC: ACPI EC GPE status set
2025-01-02 23:20:12,812 DEBUG:	ACPI: EC: ACPI EC GPE dispatched
2025-01-02 23:20:12,812 DEBUG:	ACPI: EC: ACPI EC work flushed
2025-01-02 23:20:12,812 DEBUG:	ACPI: PM: Rearming ACPI SCI for wakeup
2025-01-02 23:20:12,812 DEBUG:	amd_pmc: SMU idlemask s0i3: 0x3ffbbebd
2025-01-02 23:20:12,812 DEBUG:	PM: Triggering wakeup from IRQ 9
2025-01-02 23:20:12,812 DEBUG:	ACPI: EC: ACPI EC GPE status set
2025-01-02 23:20:12,812 DEBUG:	ACPI: PM: Rearming ACPI SCI for wakeup
2025-01-02 23:20:12,812 DEBUG:	amd_pmc: SMU idlemask s0i3: 0x3ffbbebd
2025-01-02 23:20:12,812 DEBUG:	Timekeeping suspended for 28.956 seconds
2025-01-02 23:20:12,812 DEBUG:	PM: Triggering wakeup from IRQ 9
2025-01-02 23:20:12,812 DEBUG:	ACPI: PM: ACPI fixed event wakeup
2025-01-02 23:20:12,812 DEBUG:	PM: resume from suspend-to-idle
2025-01-02 23:20:12,812 DEBUG:	ACPI: \_SB_.PEP_: Successfully transitioned to state lps0 exit
2025-01-02 23:20:12,812 DEBUG:	ACPI: \_SB_.PEP_: Successfully transitioned to state lps0 ms exit
2025-01-02 23:20:12,812 DEBUG:	ACPI: \_SB_.PEP_: Successfully transitioned to state screen on
2025-01-02 23:20:12,812 DEBUG:	ACPI: EC: interrupt unblocked
2025-01-02 23:20:12,813 DEBUG:	PM: noirq resume of devices complete after 170.778 msecs
2025-01-02 23:20:12,813 DEBUG:	PM: early resume of devices complete after 2.913 msecs
2025-01-02 23:20:12,813 DEBUG:	[drm] PCIE GART of 512M enabled (table at 0x00000080FFD00000).
2025-01-02 23:20:12,813 DEBUG:	amdgpu 0000:c4:00.0: amdgpu: SMU is resuming...
2025-01-02 23:20:12,813 DEBUG:	amdgpu 0000:c4:00.0: amdgpu: SMU is resumed successfully!
2025-01-02 23:20:12,813 DEBUG:	nvme nvme0: 16/0/0 default/read/poll queues
2025-01-02 23:20:12,813 DEBUG:	r8169 0000:01:00.0 enp1s0f0: Link is Down
2025-01-02 23:20:12,813 DEBUG:	amdgpu 0000:c4:00.0: amdgpu: ring gfx_0.0.0 uses VM inv eng 0 on hub 0
2025-01-02 23:20:12,813 DEBUG:	amdgpu 0000:c4:00.0: amdgpu: ring comp_1.0.0 uses VM inv eng 1 on hub 0
2025-01-02 23:20:12,813 DEBUG:	amdgpu 0000:c4:00.0: amdgpu: ring comp_1.1.0 uses VM inv eng 4 on hub 0
2025-01-02 23:20:12,813 DEBUG:	amdgpu 0000:c4:00.0: amdgpu: ring comp_1.2.0 uses VM inv eng 6 on hub 0
2025-01-02 23:20:12,813 DEBUG:	amdgpu 0000:c4:00.0: amdgpu: ring comp_1.3.0 uses VM inv eng 7 on hub 0
2025-01-02 23:20:12,813 DEBUG:	amdgpu 0000:c4:00.0: amdgpu: ring comp_1.0.1 uses VM inv eng 8 on hub 0
2025-01-02 23:20:12,813 DEBUG:	amdgpu 0000:c4:00.0: amdgpu: ring comp_1.1.1 uses VM inv eng 9 on hub 0
2025-01-02 23:20:12,813 DEBUG:	amdgpu 0000:c4:00.0: amdgpu: ring comp_1.2.1 uses VM inv eng 10 on hub 0
2025-01-02 23:20:12,813 DEBUG:	amdgpu 0000:c4:00.0: amdgpu: ring comp_1.3.1 uses VM inv eng 11 on hub 0
2025-01-02 23:20:12,813 DEBUG:	amdgpu 0000:c4:00.0: amdgpu: ring sdma0 uses VM inv eng 12 on hub 0
2025-01-02 23:20:12,813 DEBUG:	amdgpu 0000:c4:00.0: amdgpu: ring vcn_unified_0 uses VM inv eng 0 on hub 8
2025-01-02 23:20:12,813 DEBUG:	amdgpu 0000:c4:00.0: amdgpu: ring jpeg_dec uses VM inv eng 1 on hub 8
2025-01-02 23:20:12,813 DEBUG:	amdgpu 0000:c4:00.0: amdgpu: ring mes_kiq_3.1.0 uses VM inv eng 13 on hub 0
2025-01-02 23:20:12,813 DEBUG:	[drm] ring gfx_32774.1.1 was added
2025-01-02 23:20:12,813 DEBUG:	[drm] ring compute_32774.2.2 was added
2025-01-02 23:20:12,813 DEBUG:	[drm] ring sdma_32774.3.3 was added
2025-01-02 23:20:12,813 DEBUG:	[drm] ring gfx_32774.1.1 ib test pass
2025-01-02 23:20:12,813 DEBUG:	[drm] ring compute_32774.2.2 ib test pass
2025-01-02 23:20:12,813 DEBUG:	[drm] ring sdma_32774.3.3 ib test pass
2025-01-02 23:20:12,813 DEBUG:	PM: resume of devices complete after 543.772 msecs
2025-01-02 23:20:12,814 DEBUG:	OOM killer enabled.
2025-01-02 23:20:12,814 DEBUG:	Restarting tasks ... done.
2025-01-02 23:20:12,814 DEBUG:	random: crng reseeded on system resumption
2025-01-02 23:20:12,814 DEBUG:	PM: suspend exit
2025-01-02 23:20:12,814 INFO:	💤 Suspend count: 1
2025-01-02 23:20:12,814 INFO:	💤 Hardware sleep cycle count: 2
2025-01-02 23:20:12,814 INFO:	🥱 Wakeup triggered from IRQ 9: ACPI SCI
2025-01-02 23:20:12,814 DEBUG:	Used Microsoft uPEP GUID in LPS0 _DSM
2025-01-02 23:20:12,814 INFO:	🥱 Woke up from IRQ 9: ACPI SCI
2025-01-02 23:20:12,815 DEBUG:	gpe07 increased from 9994 to 10268
2025-01-02 23:20:12,816 DEBUG:	ACPI Lid (/proc/acpi/button/lid/LID/state): open
2025-01-02 23:20:12,816 DEBUG:	Userspace suspended for 0:00:32.840351
2025-01-02 23:20:12,816 DEBUG:	Kernel suspended for total of 0:00:29.055000 (88.47%)
2025-01-02 23:20:12,816 INFO:	💤 In a hardware sleep state for 0:00:28.124907 (85.64%)
2025-01-02 23:20:12,827 DEBUG:	BAT0 energy level is 37090000 µWh
2025-01-02 23:20:12,828 INFO:	🔋 Battery BAT0 lost 10000 µWh (0.02%) [Average rate 1.1W]
2025-01-02 23:20:12,854 DEBUG:	Thermal zones
2025-01-02 23:20:12,855 DEBUG:	└─ LNXTHERM:00
2025-01-02 23:20:12,855 DEBUG:	  	 39.0°C -> 24.0°C
